*** SESSION úno 27, 2019 10:41:41.23 -------------------------------------------
*** SESSION úno 27, 2019 11:01:09.91 -------------------------------------------
*** SESSION úno 27, 2019 11:02:45.07 -------------------------------------------
*** SESSION úno 27, 2019 11:51:52.14 -------------------------------------------
*** SESSION úno 27, 2019 12:32:20.26 -------------------------------------------
*** SESSION úno 28, 2019 21:15:51.90 -------------------------------------------
*** SESSION úno 28, 2019 22:06:15.62 -------------------------------------------
*** SESSION bře 01, 2019 22:22:21.18 -------------------------------------------
*** SESSION bře 02, 2019 12:41:29.11 -------------------------------------------
*** SESSION bře 02, 2019 23:39:31.04 -------------------------------------------
*** SESSION bře 03, 2019 19:03:36.87 -------------------------------------------
*** SESSION bře 03, 2019 23:16:30.46 -------------------------------------------
*** SESSION bře 03, 2019 23:35:13.44 -------------------------------------------
*** SESSION bře 04, 2019 11:01:24.44 -------------------------------------------
*** SESSION bře 04, 2019 17:09:05.75 -------------------------------------------
*** SESSION bře 06, 2019 09:25:52.94 -------------------------------------------
*** SESSION bře 06, 2019 11:54:21.95 -------------------------------------------
*** SESSION bře 06, 2019 12:36:30.78 -------------------------------------------
*** SESSION bře 06, 2019 14:41:54.60 -------------------------------------------
*** SESSION bře 06, 2019 16:28:46.81 -------------------------------------------
*** SESSION bře 08, 2019 11:25:27.54 -------------------------------------------
*** SESSION bře 12, 2019 10:00:55.58 -------------------------------------------
*** SESSION bře 13, 2019 09:27:40.35 -------------------------------------------
*** SESSION bře 13, 2019 10:52:35.96 -------------------------------------------
*** SESSION bře 13, 2019 16:31:11.17 -------------------------------------------
*** SESSION bře 15, 2019 17:42:45.92 -------------------------------------------
*** SESSION bře 17, 2019 09:02:10.48 -------------------------------------------
*** SESSION bře 19, 2019 16:50:09.36 -------------------------------------------
*** SESSION bře 20, 2019 09:25:43.09 -------------------------------------------
*** SESSION bře 20, 2019 12:55:21.62 -------------------------------------------
*** SESSION bře 21, 2019 18:05:12.43 -------------------------------------------
*** SESSION bře 27, 2019 09:26:34.01 -------------------------------------------
*** SESSION dub 02, 2019 15:44:26.56 -------------------------------------------
*** SESSION dub 03, 2019 09:24:22.27 -------------------------------------------
*** SESSION dub 07, 2019 10:04:32.30 -------------------------------------------
*** SESSION dub 07, 2019 13:11:54.56 -------------------------------------------
*** SESSION dub 09, 2019 23:11:33.67 -------------------------------------------
*** SESSION dub 10, 2019 00:05:04.03 -------------------------------------------
*** SESSION dub 10, 2019 00:17:57.64 -------------------------------------------
*** SESSION dub 10, 2019 09:23:20.56 -------------------------------------------
*** SESSION dub 12, 2019 19:56:24.82 -------------------------------------------
*** SESSION dub 16, 2019 09:25:02.59 -------------------------------------------
*** SESSION dub 17, 2019 10:25:48.67 -------------------------------------------
*** SESSION dub 18, 2019 21:21:21.45 -------------------------------------------
*** SESSION dub 18, 2019 23:48:52.73 -------------------------------------------
*** SESSION dub 24, 2019 09:23:00.97 -------------------------------------------
*** SESSION dub 24, 2019 22:06:18.91 -------------------------------------------
*** SESSION kvě 14, 2019 18:12:02.72 -------------------------------------------
*** SESSION kvě 15, 2019 09:24:48.37 -------------------------------------------
*** SESSION zář 24, 2019 14:58:10.10 -------------------------------------------
